<?xml version="1.0" encoding="UTF-8"?>
<!-- Generated by org.testng.reporters.JUnitXMLReporter -->
<testsuite ignored="3" hostname="DESKTOP-4VUC44N" failures="1" tests="1" name="Test" time="0.069" errors="0" timestamp="2020-05-30T12:06:37 CDT">
  <testcase classname="testngIntro.Testng01basics" name="Login2" time="0.0">
    <failure type="org.testng.TestNGException" message="
Parameter &amp;apos;url&amp;apos; is required by @Test on method Login2 but has not been marked @Optional or defined
in C:\Users\nebiy\OneDrive\Desktop\Class Code Base\May batch\MayClass\TestngAutomation\test.xml">
      <![CDATA[org.testng.TestNGException: 
Parameter 'url' is required by @Test on method Login2 but has not been marked @Optional or defined
in C:\Users\nebiy\OneDrive\Desktop\Class Code Base\May batch\MayClass\TestngAutomation\test.xml
at java.base/java.util.ArrayList.forEach(ArrayList.java:1507)
... Removed 26 stack frames]]>
    </failure>
  </testcase> <!-- Login2 -->
  <testcase classname="testngIntro.Testng01basics" name="Register" time="0.0">
    <ignored/>
  </testcase> <!-- Register -->
  <testcase classname="testngIntro.Testng01basics" name="Login" time="0.0">
    <ignored/>
  </testcase> <!-- Login -->
  <testcase classname="testngIntro.Testng01basics" name="CreateUser" time="0.0">
    <ignored/>
  </testcase> <!-- CreateUser -->
</testsuite> <!-- Test -->
