<?xml version="1.0" encoding="UTF-8"?>
<!-- Generated by org.testng.reporters.JUnitXMLReporter -->
<testsuite ignored="0" hostname="DESKTOP-4VUC44N" failures="0" tests="3" name="Default test" time="0.108" errors="0" timestamp="2020-05-30T11:05:12 CDT">
  <testcase classname="testngIntro.Testng03PersonalLoan" name="CreatePersonalLoan" time="0.015"/>
  <testcase classname="testngIntro.Testng03PersonalLoan" name="LoginPersonalLoanApp" time="0.003"/>
  <testcase classname="testngIntro.Testng03PersonalLoan" name="PreApprovePersonalLoan" time="0.003"/>
</testsuite> <!-- Default test -->
