<?xml version="1.0" encoding="UTF-8"?>
<!-- Generated by org.testng.reporters.JUnitXMLReporter -->
<testsuite ignored="5" hostname="DESKTOP-4VUC44N" failures="0" tests="5" name="LoansRegressionTest" time="0.139" errors="0" timestamp="2020-05-30T12:19:26 CDT">
  <testcase classname="testngIntro.Testng02Loans" name="LoginApp" time="0.015"/>
  <testcase classname="testngIntro.Testng03PersonalLoan" name="LoginPersonalLoanApp" time="0.002"/>
  <testcase classname="testngIntro.Testng01basics" name="Login" time="0.008"/>
  <testcase classname="testngIntro.Testng01basics" name="CreateUser" time="0.001"/>
  <testcase classname="testngIntro.Testng01basics" name="Login2" time="0.003"/>
  <testcase classname="testngIntro.Testng03PersonalLoan" name="PreApprovePersonalLoan" time="0.0">
    <ignored/>
  </testcase> <!-- PreApprovePersonalLoan -->
  <testcase classname="testngIntro.Testng03PersonalLoan" name="CreatePersonalLoan" time="0.0">
    <ignored/>
  </testcase> <!-- CreatePersonalLoan -->
  <testcase classname="testngIntro.Testng01basics" name="Register" time="0.0">
    <ignored/>
  </testcase> <!-- Register -->
  <testcase classname="testngIntro.Testng02Loans" name="CreateLoan" time="0.0">
    <ignored/>
  </testcase> <!-- CreateLoan -->
  <testcase classname="testngIntro.Testng02Loans" name="PreApproveLoan" time="0.0">
    <ignored/>
  </testcase> <!-- PreApproveLoan -->
</testsuite> <!-- LoansRegressionTest -->
