<?xml version="1.0" encoding="UTF-8"?>
<!-- Generated by org.testng.reporters.JUnitXMLReporter -->
<testsuite ignored="0" hostname="DESKTOP-4VUC44N" failures="0" tests="9" name="Test" time="0.147" errors="0" timestamp="2020-05-24T09:33:25 CDT">
  <testcase classname="testngIntro.Testng02Loans" name="CreateLoan" time="0.014"/>
  <testcase classname="testngIntro.Testng02Loans" name="LoginApp" time="0.002"/>
  <testcase classname="testngIntro.Testng02Loans" name="PreApproveLoan" time="0.003"/>
  <testcase classname="testngIntro.Testng01basics" name="CreateUser" time="0.002"/>
  <testcase classname="testngIntro.Testng01basics" name="Login" time="0.004"/>
  <testcase classname="testngIntro.Testng01basics" name="Register" time="0.003"/>
  <testcase classname="testngIntro.Testng03PersonalLoan" name="CreatePersonalLoan" time="0.003"/>
  <testcase classname="testngIntro.Testng03PersonalLoan" name="LoginPersonalLoanApp" time="0.002"/>
  <testcase classname="testngIntro.Testng03PersonalLoan" name="PreApprovePersonalLoan" time="0.003"/>
</testsuite> <!-- Test -->
