<?xml version="1.0" encoding="UTF-8"?>
<testng-results ignored="5" total="10" passed="5" failed="0" skipped="0">
  <reporter-output>
  </reporter-output>
  <suite started-at="2020-05-30T12:19:25 CDT" name="LoansRegressionSuite" finished-at="2020-05-30T12:19:26 CDT" duration-ms="139">
    <groups>
      <group name="regression">
        <method signature="Testng01basics.Login()[pri:0, instance:testngIntro.Testng01basics@43ee72e6]" name="Login" class="testngIntro.Testng01basics"/>
        <method signature="Testng01basics.CreateUser()[pri:0, instance:testngIntro.Testng01basics@43ee72e6]" name="CreateUser" class="testngIntro.Testng01basics"/>
        <method signature="Testng01basics.Login2(java.lang.String, java.lang.String)[pri:0, instance:testngIntro.Testng01basics@43ee72e6]" name="Login2" class="testngIntro.Testng01basics"/>
        <method signature="Testng02Loans.LoginApp()[pri:1, instance:testngIntro.Testng02Loans@75f32542]" name="LoginApp" class="testngIntro.Testng02Loans"/>
        <method signature="Testng03PersonalLoan.LoginPersonalLoanApp()[pri:0, instance:testngIntro.Testng03PersonalLoan@7f1302d6]" name="LoginPersonalLoanApp" class="testngIntro.Testng03PersonalLoan"/>
      </group> <!-- regression -->
      <group name="smoke">
        <method signature="Testng01basics.Login()[pri:0, instance:testngIntro.Testng01basics@43ee72e6]" name="Login" class="testngIntro.Testng01basics"/>
        <method signature="Testng02Loans.LoginApp()[pri:1, instance:testngIntro.Testng02Loans@75f32542]" name="LoginApp" class="testngIntro.Testng02Loans"/>
        <method signature="Testng03PersonalLoan.LoginPersonalLoanApp()[pri:0, instance:testngIntro.Testng03PersonalLoan@7f1302d6]" name="LoginPersonalLoanApp" class="testngIntro.Testng03PersonalLoan"/>
      </group> <!-- smoke -->
    </groups>
    <test started-at="2020-05-30T12:19:25 CDT" name="LoansRegressionTest" finished-at="2020-05-30T12:19:26 CDT" duration-ms="139">
      <class name="testngIntro.Testng03PersonalLoan">
        <test-method signature="LoginPersonalLoanApp()[pri:0, instance:testngIntro.Testng03PersonalLoan@7f1302d6]" started-at="2020-05-30T12:19:26 CDT" name="LoginPersonalLoanApp" finished-at="2020-05-30T12:19:26 CDT" duration-ms="2" status="PASS">
          <reporter-output>
          </reporter-output>
        </test-method> <!-- LoginPersonalLoanApp -->
      </class> <!-- testngIntro.Testng03PersonalLoan -->
      <class name="testngIntro.Testng01basics">
        <test-method signature="Login()[pri:0, instance:testngIntro.Testng01basics@43ee72e6]" started-at="2020-05-30T12:19:26 CDT" name="Login" finished-at="2020-05-30T12:19:26 CDT" duration-ms="8" status="PASS">
          <reporter-output>
          </reporter-output>
        </test-method> <!-- Login -->
        <test-method signature="CreateUser()[pri:0, instance:testngIntro.Testng01basics@43ee72e6]" started-at="2020-05-30T12:19:26 CDT" name="CreateUser" finished-at="2020-05-30T12:19:26 CDT" depends-on-methods="testngIntro.Testng01basics.Login" duration-ms="1" status="PASS">
          <reporter-output>
          </reporter-output>
        </test-method> <!-- CreateUser -->
        <test-method signature="Login2(java.lang.String, java.lang.String)[pri:0, instance:testngIntro.Testng01basics@43ee72e6]" started-at="2020-05-30T12:19:26 CDT" name="Login2" finished-at="2020-05-30T12:19:26 CDT" duration-ms="3" status="PASS">
          <params>
            <param index="0">
              <value>
                <![CDATA[www.google.com]]>
              </value>
            </param>
            <param index="1">
              <value>
                <![CDATA[Nebyou]]>
              </value>
            </param>
          </params>
          <reporter-output>
          </reporter-output>
        </test-method> <!-- Login2 -->
      </class> <!-- testngIntro.Testng01basics -->
      <class name="testngIntro.Testng02Loans">
        <test-method signature="LoginApp()[pri:1, instance:testngIntro.Testng02Loans@75f32542]" started-at="2020-05-30T12:19:26 CDT" name="LoginApp" finished-at="2020-05-30T12:19:26 CDT" duration-ms="15" status="PASS">
          <reporter-output>
          </reporter-output>
        </test-method> <!-- LoginApp -->
      </class> <!-- testngIntro.Testng02Loans -->
    </test> <!-- LoansRegressionTest -->
  </suite> <!-- LoansRegressionSuite -->
</testng-results>
